# JRE version: OpenJDK Runtime Environment (8.0_242) (build 1.8.0_242-release-1644-b3-6222593)
# Java VM: OpenJDK 64-Bit Server VM (25.242-b3-6222593 mixed mode bsd-amd64 compressed oops)
Heap:
 PSYoungGen      total 112640K, used 112432K [0x00000007e5d80000, 0x00000007f0800000, 0x00000007f0800000)
  eden space 73216K, 100% used [0x00000007e5d80000,0x00000007ea500000,0x00000007ea500000)
  from space 39424K, 99% used [0x00000007ea500000,0x00000007ecb4c010,0x00000007ecb80000)
  to   space 54784K, 63% used [0x00000007ed280000,0x00000007ef4728e0,0x00000007f0800000)
 ParOldGen       total 349696K, used 144694K [0x00000007d0800000, 0x00000007e5d80000, 0x00000007e5d80000)
  object space 349696K, 41% used [0x00000007d0800000,0x00000007d954d958,0x00000007e5d80000)
 Metaspace       used 100771K, capacity 109222K, committed 109464K, reserved 1144832K
  class space    used 13053K, capacity 14653K, committed 14760K, reserved 1048576K
GC Heap History (10 events):
Event: 1361.976 GC heap after
Heap after GC invocations=98 (full 5):
 PSYoungGen      total 125952K, used 10545K [0x00000007e5d80000, 0x00000007f0400000, 0x00000007f0800000)
  eden space 83968K, 0% used [0x00000007e5d80000,0x00000007e5d80000,0x00000007eaf80000)
  from space 41984K, 25% used [0x00000007eaf80000,0x00000007eb9cc5f0,0x00000007ed880000)
  to   space 40448K, 0% used [0x00000007edc80000,0x00000007edc80000,0x00000007f0400000)
 ParOldGen       total 349696K, used 127436K [0x00000007d0800000, 0x00000007e5d80000, 0x00000007e5d80000)
  object space 349696K, 36% used [0x00000007d0800000,0x00000007d8473390,0x00000007e5d80000)
 Metaspace       used 100179K, capacity 108232K, committed 108568K, reserved 1142784K
  class space    used 12989K, capacity 14534K, committed 14632K, reserved 1048576K
}
Event: 1363.223 GC heap before
{Heap before GC invocations=99 (full 5):
 PSYoungGen      total 125952K, used 94513K [0x00000007e5d80000, 0x00000007f0400000, 0x00000007f0800000)
  eden space 83968K, 100% used [0x00000007e5d80000,0x00000007eaf80000,0x00000007eaf80000)
  from space 41984K, 25% used [0x00000007eaf80000,0x00000007eb9cc5f0,0x00000007ed880000)
  to   space 40448K, 0% used [0x00000007edc80000,0x00000007edc80000,0x00000007f0400000)
 ParOldGen       total 349696K, used 127436K [0x00000007d0800000, 0x00000007e5d80000, 0x00000007e5d80000)
  object space 349696K, 36% used [0x00000007d0800000,0x00000007d8473390,0x00000007e5d80000)
 Metaspace       used 100215K, capacity 108296K, committed 108568K, reserved 1142784K
  class space    used 12989K, capacity 14534K, committed 14632K, reserved 1048576K
Event: 1363.243 GC heap after
Heap after GC invocations=99 (full 5):
 PSYoungGen      total 130048K, used 15812K [0x00000007e5d80000, 0x00000007f0180000, 0x00000007f0800000)
  eden space 92160K, 0% used [0x00000007e5d80000,0x00000007e5d80000,0x00000007eb780000)
  from space 37888K, 41% used [0x00000007edc80000,0x00000007eebf1028,0x00000007f0180000)
  to   space 37888K, 0% used [0x00000007eb780000,0x00000007eb780000,0x00000007edc80000)
 ParOldGen       total 349696K, used 127436K [0x00000007d0800000, 0x00000007e5d80000, 0x00000007e5d80000)
  object space 349696K, 36% used [0x00000007d0800000,0x00000007d8473390,0x00000007e5d80000)
 Metaspace       used 100215K, capacity 108296K, committed 108568K, reserved 1142784K
  class space    used 12989K, capacity 14534K, committed 14632K, reserved 1048576K
}
Event: 1381.050 GC heap before
{Heap before GC invocations=100 (full 5):
 PSYoungGen      total 130048K, used 107972K [0x00000007e5d80000, 0x00000007f0180000, 0x00000007f0800000)
  eden space 92160K, 100% used [0x00000007e5d80000,0x00000007eb780000,0x00000007eb780000)
  from space 37888K, 41% used [0x00000007edc80000,0x00000007eebf1028,0x00000007f0180000)
  to   space 37888K, 0% used [0x00000007eb780000,0x00000007eb780000,0x00000007edc80000)
 ParOldGen       total 349696K, used 127436K [0x00000007d0800000, 0x00000007e5d80000, 0x00000007e5d80000)
  object space 349696K, 36% used [0x00000007d0800000,0x00000007d8473390,0x00000007e5d80000)
 Metaspace       used 100405K, capacity 108540K, committed 108824K, reserved 1142784K
  class space    used 12998K, capacity 14552K, committed 14632K, reserved 1048576K
Event: 1381.104 GC heap after
Heap after GC invocations=100 (full 5):
 PSYoungGen      total 130048K, used 30794K [0x00000007e5d80000, 0x00000007f0800000, 0x00000007f0800000)
  eden space 92160K, 0% used [0x00000007e5d80000,0x00000007e5d80000,0x00000007eb780000)
  from space 37888K, 81% used [0x00000007eb780000,0x00000007ed592828,0x00000007edc80000)
  to   space 41472K, 0% used [0x00000007edf80000,0x00000007edf80000,0x00000007f0800000)
 ParOldGen       total 349696K, used 127444K [0x00000007d0800000, 0x00000007e5d80000, 0x00000007e5d80000)
  object space 349696K, 36% used [0x00000007d0800000,0x00000007d8475390,0x00000007e5d80000)
 Metaspace       used 100405K, capacity 108540K, committed 108824K, reserved 1142784K
  class space    used 12998K, capacity 14552K, committed 14632K, reserved 1048576K
}
Event: 1382.787 GC heap before
{Heap before GC invocations=101 (full 5):
 PSYoungGen      total 130048K, used 122954K [0x00000007e5d80000, 0x00000007f0800000, 0x00000007f0800000)
  eden space 92160K, 100% used [0x00000007e5d80000,0x00000007eb780000,0x00000007eb780000)
  from space 37888K, 81% used [0x00000007eb780000,0x00000007ed592828,0x00000007edc80000)
  to   space 41472K, 0% used [0x00000007edf80000,0x00000007edf80000,0x00000007f0800000)
 ParOldGen       total 349696K, used 127444K [0x00000007d0800000, 0x00000007e5d80000, 0x00000007e5d80000)
  object space 349696K, 36% used [0x00000007d0800000,0x00000007d8475390,0x00000007e5d80000)
 Metaspace       used 100515K, capacity 108598K, committed 108824K, reserved 1142784K
  class space    used 13004K, capacity 14561K, committed 14632K, reserved 1048576K
Event: 1382.850 GC heap after
Heap after GC invocations=101 (full 5):
 PSYoungGen      total 114688K, used 41456K [0x00000007e5d80000, 0x00000007f0800000, 0x00000007f0800000)
  eden space 73216K, 0% used [0x00000007e5d80000,0x00000007e5d80000,0x00000007ea500000)
  from space 41472K, 99% used [0x00000007edf80000,0x00000007f07fc050,0x00000007f0800000)
  to   space 50688K, 0% used [0x00000007ea500000,0x00000007ea500000,0x00000007ed680000)
 ParOldGen       total 349696K, used 134471K [0x00000007d0800000, 0x00000007e5d80000, 0x00000007e5d80000)
  object space 349696K, 38% used [0x00000007d0800000,0x00000007d8b51f38,0x00000007e5d80000)
 Metaspace       used 100515K, capacity 108598K, committed 108824K, reserved 1142784K
  class space    used 13004K, capacity 14561K, committed 14632K, reserved 1048576K
}
Event: 1386.829 GC heap before
{Heap before GC invocations=102 (full 5):
 PSYoungGen      total 114688K, used 114672K [0x00000007e5d80000, 0x00000007f0800000, 0x00000007f0800000)
  eden space 73216K, 100% used [0x00000007e5d80000,0x00000007ea500000,0x00000007ea500000)
  from space 41472K, 99% used [0x00000007edf80000,0x00000007f07fc050,0x00000007f0800000)
  to   space 50688K, 0% used [0x00000007ea500000,0x00000007ea500000,0x00000007ed680000)
 ParOldGen       total 349696K, used 134471K [0x00000007d0800000, 0x00000007e5d80000, 0x00000007e5d80000)
  object space 349696K, 38% used [0x00000007d0800000,0x00000007d8b51f38,0x00000007e5d80000)
 Metaspace       used 100703K, capacity 108966K, committed 109080K, reserved 1144832K
  class space    used 13036K, capacity 14621K, committed 14632K, reserved 1048576K
Event: 1386.891 GC heap after
Heap after GC invocations=102 (full 5):
 PSYoungGen      total 112640K, used 39216K [0x00000007e5d80000, 0x00000007f0800000, 0x00000007f0800000)
  eden space 73216K, 0% used [0x00000007e5d80000,0x00000007e5d80000,0x00000007ea500000)
  from space 39424K, 99% used [0x00000007ea500000,0x00000007ecb4c010,0x00000007ecb80000)
  to   space 54784K, 0% used [0x00000007ed280000,0x00000007ed280000,0x00000007f0800000)
 ParOldGen       total 349696K, used 139158K [0x00000007d0800000, 0x00000007e5d80000, 0x00000007e5d80000)
  object space 349696K, 39% used [0x00000007d0800000,0x00000007d8fe5918,0x00000007e5d80000)
 Metaspace       used 100703K, capacity 108966K, committed 109080K, reserved 1144832K
  class space    used 13036K, capacity 14621K, committed 14632K, reserved 1048576K
}
Event: 1387.819 GC heap before
{Heap before GC invocations=103 (full 5):
 PSYoungGen      total 112640K, used 112432K [0x00000007e5d80000, 0x00000007f0800000, 0x00000007f0800000)
  eden space 73216K, 100% used [0x00000007e5d80000,0x00000007ea500000,0x00000007ea500000)
  from space 39424K, 99% used [0x00000007ea500000,0x00000007ecb4c010,0x00000007ecb80000)
  to   space 54784K, 0% used [0x00000007ed280000,0x00000007ed280000,0x00000007f0800000)
 ParOldGen       total 349696K, used 139158K [0x00000007d0800000, 0x00000007e5d80000, 0x00000007e5d80000)
  object space 349696K, 39% used [0x00000007d0800000,0x00000007d8fe5918,0x00000007e5d80000)
 Metaspace       used 100771K, capacity 109222K, committed 109464K, reserved 1144832K
  class space    used 13053K, capacity 14653K, committed 14760K, reserved 1048576K

