# JRE version: OpenJDK Runtime Environment (8.0_242) (build 1.8.0_242-release-1644-b3-6222593)
# Java VM: OpenJDK 64-Bit Server VM (25.242-b3-6222593 mixed mode bsd-amd64 compressed oops)
Heap:
 PSYoungGen      total 151040K, used 48739K [0x00000007e5d80000, 0x00000007f0600000, 0x00000007f0800000)
  eden space 131584K, 30% used [0x00000007e5d80000,0x00000007e841f218,0x00000007ede00000)
  from space 19456K, 47% used [0x00000007ef300000,0x00000007efbf9c18,0x00000007f0600000)
  to   space 20480K, 0% used [0x00000007ede00000,0x00000007ede00000,0x00000007ef200000)
 ParOldGen       total 349696K, used 142625K [0x00000007d0800000, 0x00000007e5d80000, 0x00000007e5d80000)
  object space 349696K, 40% used [0x00000007d0800000,0x00000007d93487a8,0x00000007e5d80000)
 Metaspace       used 121838K, capacity 130188K, committed 130968K, reserved 1163264K
  class space    used 15546K, capacity 17249K, committed 17584K, reserved 1048576K
GC Heap History (10 events):
Event: 4248.157 GC heap before
{Heap before GC invocations=77 (full 5):
 PSYoungGen      total 144384K, used 121776K [0x00000007e5d80000, 0x00000007f0700000, 0x00000007f0800000)
  eden space 117760K, 100% used [0x00000007e5d80000,0x00000007ed080000,0x00000007ed080000)
  from space 26624K, 15% used [0x00000007ed080000,0x00000007ed46c0c8,0x00000007eea80000)
  to   space 25600K, 0% used [0x00000007eee00000,0x00000007eee00000,0x00000007f0700000)
 ParOldGen       total 349696K, used 138888K [0x00000007d0800000, 0x00000007e5d80000, 0x00000007e5d80000)
  object space 349696K, 39% used [0x00000007d0800000,0x00000007d8fa2200,0x00000007e5d80000)
 Metaspace       used 121720K, capacity 130066K, committed 130712K, reserved 1163264K
  class space    used 15543K, capacity 17216K, committed 17584K, reserved 1048576K
Event: 4248.167 GC heap after
Heap after GC invocations=77 (full 5):
 PSYoungGen      total 144896K, used 4788K [0x00000007e5d80000, 0x00000007f0400000, 0x00000007f0800000)
  eden space 122368K, 0% used [0x00000007e5d80000,0x00000007e5d80000,0x00000007ed500000)
  from space 22528K, 21% used [0x00000007eee00000,0x00000007ef2ad150,0x00000007f0400000)
  to   space 24064K, 0% used [0x00000007ed500000,0x00000007ed500000,0x00000007eec80000)
 ParOldGen       total 349696K, used 139392K [0x00000007d0800000, 0x00000007e5d80000, 0x00000007e5d80000)
  object space 349696K, 39% used [0x00000007d0800000,0x00000007d9020200,0x00000007e5d80000)
 Metaspace       used 121720K, capacity 130066K, committed 130712K, reserved 1163264K
  class space    used 15543K, capacity 17216K, committed 17584K, reserved 1048576K
}
Event: 4248.559 GC heap before
{Heap before GC invocations=78 (full 5):
 PSYoungGen      total 144896K, used 127156K [0x00000007e5d80000, 0x00000007f0400000, 0x00000007f0800000)
  eden space 122368K, 100% used [0x00000007e5d80000,0x00000007ed500000,0x00000007ed500000)
  from space 22528K, 21% used [0x00000007eee00000,0x00000007ef2ad150,0x00000007f0400000)
  to   space 24064K, 0% used [0x00000007ed500000,0x00000007ed500000,0x00000007eec80000)
 ParOldGen       total 349696K, used 139392K [0x00000007d0800000, 0x00000007e5d80000, 0x00000007e5d80000)
  object space 349696K, 39% used [0x00000007d0800000,0x00000007d9020200,0x00000007e5d80000)
 Metaspace       used 121730K, capacity 130074K, committed 130712K, reserved 1163264K
  class space    used 15543K, capacity 17216K, committed 17584K, reserved 1048576K
Event: 4248.570 GC heap after
Heap after GC invocations=78 (full 5):
 PSYoungGen      total 146432K, used 4868K [0x00000007e5d80000, 0x00000007f0780000, 0x00000007f0800000)
  eden space 122368K, 0% used [0x00000007e5d80000,0x00000007e5d80000,0x00000007ed500000)
  from space 24064K, 20% used [0x00000007ed500000,0x00000007ed9c1140,0x00000007eec80000)
  to   space 23040K, 0% used [0x00000007ef100000,0x00000007ef100000,0x00000007f0780000)
 ParOldGen       total 349696K, used 139976K [0x00000007d0800000, 0x00000007e5d80000, 0x00000007e5d80000)
  object space 349696K, 40% used [0x00000007d0800000,0x00000007d90b2200,0x00000007e5d80000)
 Metaspace       used 121730K, capacity 130074K, committed 130712K, reserved 1163264K
  class space    used 15543K, capacity 17216K, committed 17584K, reserved 1048576K
}
Event: 4248.986 GC heap before
{Heap before GC invocations=79 (full 5):
 PSYoungGen      total 146432K, used 127236K [0x00000007e5d80000, 0x00000007f0780000, 0x00000007f0800000)
  eden space 122368K, 100% used [0x00000007e5d80000,0x00000007ed500000,0x00000007ed500000)
  from space 24064K, 20% used [0x00000007ed500000,0x00000007ed9c1140,0x00000007eec80000)
  to   space 23040K, 0% used [0x00000007ef100000,0x00000007ef100000,0x00000007f0780000)
 ParOldGen       total 349696K, used 139976K [0x00000007d0800000, 0x00000007e5d80000, 0x00000007e5d80000)
  object space 349696K, 40% used [0x00000007d0800000,0x00000007d90b2200,0x00000007e5d80000)
 Metaspace       used 121795K, capacity 130144K, committed 130968K, reserved 1163264K
  class space    used 15544K, capacity 17217K, committed 17584K, reserved 1048576K
Event: 4248.996 GC heap after
Heap after GC invocations=79 (full 5):
 PSYoungGen      total 147968K, used 5063K [0x00000007e5d80000, 0x00000007f0500000, 0x00000007f0800000)
  eden space 127488K, 0% used [0x00000007e5d80000,0x00000007e5d80000,0x00000007eda00000)
  from space 20480K, 24% used [0x00000007ef100000,0x00000007ef5f1db0,0x00000007f0500000)
  to   space 22016K, 0% used [0x00000007eda00000,0x00000007eda00000,0x00000007eef80000)
 ParOldGen       total 349696K, used 140600K [0x00000007d0800000, 0x00000007e5d80000, 0x00000007e5d80000)
  object space 349696K, 40% used [0x00000007d0800000,0x00000007d914e200,0x00000007e5d80000)
 Metaspace       used 121795K, capacity 130144K, committed 130968K, reserved 1163264K
  class space    used 15544K, capacity 17217K, committed 17584K, reserved 1048576K
}
Event: 4249.417 GC heap before
{Heap before GC invocations=80 (full 5):
 PSYoungGen      total 147968K, used 132551K [0x00000007e5d80000, 0x00000007f0500000, 0x00000007f0800000)
  eden space 127488K, 100% used [0x00000007e5d80000,0x00000007eda00000,0x00000007eda00000)
  from space 20480K, 24% used [0x00000007ef100000,0x00000007ef5f1db0,0x00000007f0500000)
  to   space 22016K, 0% used [0x00000007eda00000,0x00000007eda00000,0x00000007eef80000)
 ParOldGen       total 349696K, used 140600K [0x00000007d0800000, 0x00000007e5d80000, 0x00000007e5d80000)
  object space 349696K, 40% used [0x00000007d0800000,0x00000007d914e200,0x00000007e5d80000)
 Metaspace       used 121806K, capacity 130144K, committed 130968K, reserved 1163264K
  class space    used 15544K, capacity 17217K, committed 17584K, reserved 1048576K
Event: 4249.428 GC heap after
Heap after GC invocations=80 (full 5):
 PSYoungGen      total 149504K, used 5109K [0x00000007e5d80000, 0x00000007f0780000, 0x00000007f0800000)
  eden space 127488K, 0% used [0x00000007e5d80000,0x00000007e5d80000,0x00000007eda00000)
  from space 22016K, 23% used [0x00000007eda00000,0x00000007edefd5a0,0x00000007eef80000)
  to   space 20992K, 0% used [0x00000007ef300000,0x00000007ef300000,0x00000007f0780000)
 ParOldGen       total 349696K, used 141585K [0x00000007d0800000, 0x00000007e5d80000, 0x00000007e5d80000)
  object space 349696K, 40% used [0x00000007d0800000,0x00000007d92447a8,0x00000007e5d80000)
 Metaspace       used 121806K, capacity 130144K, committed 130968K, reserved 1163264K
  class space    used 15544K, capacity 17217K, committed 17584K, reserved 1048576K
}
Event: 4249.919 GC heap before
{Heap before GC invocations=81 (full 5):
 PSYoungGen      total 149504K, used 132597K [0x00000007e5d80000, 0x00000007f0780000, 0x00000007f0800000)
  eden space 127488K, 100% used [0x00000007e5d80000,0x00000007eda00000,0x00000007eda00000)
  from space 22016K, 23% used [0x00000007eda00000,0x00000007edefd5a0,0x00000007eef80000)
  to   space 20992K, 0% used [0x00000007ef300000,0x00000007ef300000,0x00000007f0780000)
 ParOldGen       total 349696K, used 141585K [0x00000007d0800000, 0x00000007e5d80000, 0x00000007e5d80000)
  object space 349696K, 40% used [0x00000007d0800000,0x00000007d92447a8,0x00000007e5d80000)
 Metaspace       used 121834K, capacity 130188K, committed 130968K, reserved 1163264K
  class space    used 15546K, capacity 17249K, committed 17584K, reserved 1048576K
Event: 4249.933 GC heap after
Heap after GC invocations=81 (full 5):
 PSYoungGen      total 151040K, used 9191K [0x00000007e5d80000, 0x00000007f0600000, 0x00000007f0800000)
  eden space 131584K, 0% used [0x00000007e5d80000,0x00000007e5d80000,0x00000007ede00000)
  from space 19456K, 47% used [0x00000007ef300000,0x00000007efbf9c18,0x00000007f0600000)
  to   space 20480K, 0% used [0x00000007ede00000,0x00000007ede00000,0x00000007ef200000)
 ParOldGen       total 349696K, used 142625K [0x00000007d0800000, 0x00000007e5d80000, 0x00000007e5d80000)
  object space 349696K, 40% used [0x00000007d0800000,0x00000007d93487a8,0x00000007e5d80000)
 Metaspace       used 121834K, capacity 130188K, committed 130968K, reserved 1163264K
  class space    used 15546K, capacity 17249K, committed 17584K, reserved 1048576K
}

